mode: atomic
github.com/TogoMQ/togomq-sdk-go/examples/main.go:11.13,17.2 1 0
github.com/TogoMQ/togomq-sdk-go/examples/main.go:19.23,29.16 3 0
github.com/TogoMQ/togomq-sdk-go/examples/main.go:29.16,31.3 1 0
github.com/TogoMQ/togomq-sdk-go/examples/main.go:32.2,50.16 5 0
github.com/TogoMQ/togomq-sdk-go/examples/main.go:50.16,52.3 1 0
github.com/TogoMQ/togomq-sdk-go/examples/main.go:54.2,54.75 1 0
github.com/TogoMQ/togomq-sdk-go/examples/main.go:57.25,67.16 3 0
github.com/TogoMQ/togomq-sdk-go/examples/main.go:67.16,69.3 1 0
github.com/TogoMQ/togomq-sdk-go/examples/main.go:70.2,82.16 6 0
github.com/TogoMQ/togomq-sdk-go/examples/main.go:82.16,84.3 1 0
github.com/TogoMQ/togomq-sdk-go/examples/main.go:87.2,88.6 2 0
github.com/TogoMQ/togomq-sdk-go/examples/main.go:88.6,89.10 1 0
github.com/TogoMQ/togomq-sdk-go/examples/main.go:90.29,91.11 1 0
github.com/TogoMQ/togomq-sdk-go/examples/main.go:91.11,94.5 2 0
github.com/TogoMQ/togomq-sdk-go/examples/main.go:95.4,100.53 3 0
github.com/TogoMQ/togomq-sdk-go/examples/main.go:100.53,102.5 1 0
github.com/TogoMQ/togomq-sdk-go/examples/main.go:104.25,105.47 1 0
github.com/TogoMQ/togomq-sdk-go/examples/main.go:107.21,109.10 2 0
github.com/TogoMQ/togomq-sdk-go/client.go:22.49,23.19 1 0
github.com/TogoMQ/togomq-sdk-go/client.go:23.19,25.3 1 0
github.com/TogoMQ/togomq-sdk-go/client.go:27.2,27.42 1 0
github.com/TogoMQ/togomq-sdk-go/client.go:27.42,29.3 1 0
github.com/TogoMQ/togomq-sdk-go/client.go:31.2,42.16 5 0
github.com/TogoMQ/togomq-sdk-go/client.go:42.16,45.3 2 0
github.com/TogoMQ/togomq-sdk-go/client.go:47.2,56.8 3 0
github.com/TogoMQ/togomq-sdk-go/client.go:60.32,62.19 2 0
github.com/TogoMQ/togomq-sdk-go/client.go:62.19,64.3 1 0
github.com/TogoMQ/togomq-sdk-go/client.go:65.2,65.12 1 0
github.com/TogoMQ/togomq-sdk-go/client.go:69.71,75.2 2 0
github.com/TogoMQ/togomq-sdk-go/client.go:79.91,87.16 4 0
github.com/TogoMQ/togomq-sdk-go/client.go:87.16,90.3 2 0
github.com/TogoMQ/togomq-sdk-go/client.go:93.2,94.28 2 0
github.com/TogoMQ/togomq-sdk-go/client.go:94.28,97.57 2 0
github.com/TogoMQ/togomq-sdk-go/client.go:97.57,100.4 2 0
github.com/TogoMQ/togomq-sdk-go/client.go:101.3,101.17 1 0
github.com/TogoMQ/togomq-sdk-go/client.go:104.2,108.16 3 0
github.com/TogoMQ/togomq-sdk-go/client.go:108.16,111.3 2 0
github.com/TogoMQ/togomq-sdk-go/client.go:113.2,117.8 2 0
github.com/TogoMQ/togomq-sdk-go/client.go:121.91,126.31 3 0
github.com/TogoMQ/togomq-sdk-go/client.go:126.31,128.3 1 0
github.com/TogoMQ/togomq-sdk-go/client.go:129.2,131.28 2 0
github.com/TogoMQ/togomq-sdk-go/client.go:137.106,145.16 4 0
github.com/TogoMQ/togomq-sdk-go/client.go:145.16,148.3 2 0
github.com/TogoMQ/togomq-sdk-go/client.go:151.2,155.12 3 0
github.com/TogoMQ/togomq-sdk-go/client.go:155.12,160.7 4 0
github.com/TogoMQ/togomq-sdk-go/client.go:160.7,162.21 2 0
github.com/TogoMQ/togomq-sdk-go/client.go:162.21,165.5 2 0
github.com/TogoMQ/togomq-sdk-go/client.go:166.4,166.18 1 0
github.com/TogoMQ/togomq-sdk-go/client.go:166.18,170.5 3 0
github.com/TogoMQ/togomq-sdk-go/client.go:172.4,177.11 4 0
github.com/TogoMQ/togomq-sdk-go/client.go:178.28,178.28 0 0
github.com/TogoMQ/togomq-sdk-go/client.go:180.22,182.11 2 0
github.com/TogoMQ/togomq-sdk-go/client.go:187.2,189.36 2 0
github.com/TogoMQ/togomq-sdk-go/config.go:23.30,31.2 1 2
github.com/TogoMQ/togomq-sdk-go/config.go:34.35,35.37 1 6
github.com/TogoMQ/togomq-sdk-go/config.go:35.37,37.3 1 1
github.com/TogoMQ/togomq-sdk-go/config.go:38.2,38.35 1 5
github.com/TogoMQ/togomq-sdk-go/config.go:38.35,40.3 1 2
github.com/TogoMQ/togomq-sdk-go/config.go:41.2,41.38 1 3
github.com/TogoMQ/togomq-sdk-go/config.go:41.38,43.3 1 1
github.com/TogoMQ/togomq-sdk-go/config.go:44.2,44.38 1 2
github.com/TogoMQ/togomq-sdk-go/config.go:44.38,46.3 1 1
github.com/TogoMQ/togomq-sdk-go/config.go:47.2,47.12 1 1
github.com/TogoMQ/togomq-sdk-go/config.go:51.35,53.2 1 1
github.com/TogoMQ/togomq-sdk-go/config.go:59.41,60.25 1 1
github.com/TogoMQ/togomq-sdk-go/config.go:60.25,62.3 1 1
github.com/TogoMQ/togomq-sdk-go/config.go:66.38,67.25 1 1
github.com/TogoMQ/togomq-sdk-go/config.go:67.25,69.3 1 1
github.com/TogoMQ/togomq-sdk-go/config.go:73.43,74.25 1 1
github.com/TogoMQ/togomq-sdk-go/config.go:74.25,76.3 1 1
github.com/TogoMQ/togomq-sdk-go/config.go:80.46,81.25 1 1
github.com/TogoMQ/togomq-sdk-go/config.go:81.25,83.3 1 1
github.com/TogoMQ/togomq-sdk-go/config.go:87.43,88.25 1 1
github.com/TogoMQ/togomq-sdk-go/config.go:88.25,90.3 1 1
github.com/TogoMQ/togomq-sdk-go/config.go:94.46,96.27 2 1
github.com/TogoMQ/togomq-sdk-go/config.go:96.27,98.3 1 5
github.com/TogoMQ/togomq-sdk-go/config.go:99.2,99.12 1 1
github.com/TogoMQ/togomq-sdk-go/errors.go:29.38,30.18 1 2
github.com/TogoMQ/togomq-sdk-go/errors.go:30.18,32.3 1 1
github.com/TogoMQ/togomq-sdk-go/errors.go:33.2,33.50 1 1
github.com/TogoMQ/togomq-sdk-go/errors.go:37.38,39.2 1 1
github.com/TogoMQ/togomq-sdk-go/errors.go:42.61,48.2 1 7
github.com/TogoMQ/togomq-sdk-go/errors.go:51.53,52.16 1 6
github.com/TogoMQ/togomq-sdk-go/errors.go:52.16,54.3 1 1
github.com/TogoMQ/togomq-sdk-go/errors.go:56.2,57.9 2 5
github.com/TogoMQ/togomq-sdk-go/errors.go:57.9,59.3 1 1
github.com/TogoMQ/togomq-sdk-go/errors.go:61.2,62.19 2 4
github.com/TogoMQ/togomq-sdk-go/errors.go:63.29,64.21 1 1
github.com/TogoMQ/togomq-sdk-go/errors.go:65.29,66.27 1 1
github.com/TogoMQ/togomq-sdk-go/errors.go:67.25,68.27 1 1
github.com/TogoMQ/togomq-sdk-go/errors.go:69.10,70.23 1 1
github.com/TogoMQ/togomq-sdk-go/errors.go:73.2,73.74 1 4
github.com/TogoMQ/togomq-sdk-go/logger.go:26.43,27.32 1 11
github.com/TogoMQ/togomq-sdk-go/logger.go:28.15,29.23 1 2
github.com/TogoMQ/togomq-sdk-go/logger.go:30.14,31.22 1 2
github.com/TogoMQ/togomq-sdk-go/logger.go:32.25,33.22 1 2
github.com/TogoMQ/togomq-sdk-go/logger.go:34.15,35.23 1 2
github.com/TogoMQ/togomq-sdk-go/logger.go:36.14,37.22 1 1
github.com/TogoMQ/togomq-sdk-go/logger.go:38.10,39.22 1 2
github.com/TogoMQ/togomq-sdk-go/logger.go:49.40,53.2 1 0
github.com/TogoMQ/togomq-sdk-go/logger.go:56.60,57.30 1 0
github.com/TogoMQ/togomq-sdk-go/logger.go:57.30,59.3 1 0
github.com/TogoMQ/togomq-sdk-go/logger.go:63.59,64.29 1 0
github.com/TogoMQ/togomq-sdk-go/logger.go:64.29,66.3 1 0
github.com/TogoMQ/togomq-sdk-go/logger.go:70.59,71.29 1 0
github.com/TogoMQ/togomq-sdk-go/logger.go:71.29,73.3 1 0
github.com/TogoMQ/togomq-sdk-go/logger.go:77.60,78.30 1 0
github.com/TogoMQ/togomq-sdk-go/logger.go:78.30,80.3 1 0
github.com/TogoMQ/togomq-sdk-go/logger.go:84.67,88.2 3 0
github.com/TogoMQ/togomq-sdk-go/message.go:24.53,30.2 1 3
github.com/TogoMQ/togomq-sdk-go/message.go:33.66,36.2 2 2
github.com/TogoMQ/togomq-sdk-go/message.go:39.57,42.2 2 2
github.com/TogoMQ/togomq-sdk-go/message.go:45.59,48.2 2 2
github.com/TogoMQ/togomq-sdk-go/message.go:51.58,59.2 1 1
github.com/TogoMQ/togomq-sdk-go/message.go:62.62,69.2 1 0
github.com/TogoMQ/togomq-sdk-go/message.go:82.58,88.2 1 3
github.com/TogoMQ/togomq-sdk-go/message.go:91.69,94.2 2 2
github.com/TogoMQ/togomq-sdk-go/message.go:97.75,100.2 2 2
github.com/TogoMQ/togomq-sdk-go/message.go:103.67,109.2 1 1
